<?xml version="1.0" encoding="UTF-8"?>
<!-- Generated by org.testng.reporters.JUnitXMLReporter -->
<testsuite ignored="0" hostname="DESKTOP-FPPI0PB" failures="0" tests="6" name="Test" time="618.825" errors="0" timestamp="2022-02-13T23:49:23 IST">
  <testcase classname="com.ideal.testcases.IdealDashBoard" name="VerifyIdealDashBoadHeaderNav" time="26.187"/>
  <testcase classname="com.ideal.testcases.IdealDashBoard" name="verifyIdealDashboardButtons" time="10.078"/>
  <testcase classname="com.ideal.testcases.IdealDashBoard" name="verifyIdealDashboardSearch" time="5.593"/>
  <testcase classname="com.ideal.testcases.IdealDashBoard" name="verifyIdealgridHeaderTitle" time="40.33"/>
  <testcase classname="com.ideal.testcases.IdealIndividualRequest" name="individualRequest" time="77.269"/>
  <testcase classname="com.ideal.testcases.IdealCompanyRequest" name="companyRequest" time="82.152"/>
</testsuite> <!-- Test -->
